<?xml version="1.0" encoding="UTF-8"?>
<!-- Generated by org.testng.reporters.JUnitXMLReporter -->
<testsuite ignored="0" hostname="DESKTOP-MAFL5QB" failures="1" tests="6" name="Test" time="56.558" errors="0" timestamp="2024-09-24T10:19:00 IST">
  <testcase classname="testCases.TC06_JSE_LoginDDTest" name="verifyLoginDDT" time="1.674"/>
  <testcase classname="testCases.TC06_JSE_LoginDDTest" name="verifyLoginDDT" time="10.558"/>
  <testcase classname="testCases.TC06_JSE_LoginDDTest" name="verifyLoginDDT" time="10.745">
    <failure type="java.lang.AssertionError" message="expected [true] but found [false]">
      <![CDATA[java.lang.AssertionError: expected [true] but found [false]
at testCases.TC06_JSE_LoginDDTest.verifyLoginDDT(TC06_JSE_LoginDDTest.java:52)
at java.base/java.util.ArrayList.forEach(ArrayList.java:1511)
... Removed 31 stack frames]]>
    </failure>
  </testcase> <!-- verifyLoginDDT -->
  <testcase classname="testCases.TC06_JSE_LoginDDTest" name="verifyLoginDDT" time="11.525"/>
  <testcase classname="testCases.TC06_JSE_LoginDDTest" name="verifyLoginDDT" time="1.657"/>
  <testcase classname="testCases.TC06_JSE_LoginDDTest" name="verifyLoginDDT" time="10.586"/>
</testsuite> <!-- Test -->
